<?xml version="1.0" encoding="UTF-8"?>
<!-- Generated by org.testng.reporters.JUnitReportReporter -->
<testsuite hostname="Akhil" failures="0" tests="1" name="Excel.Readdata" time="0.780" errors="0" timestamp="2024-12-12T08:50:56 IST" skipped="0">
  <testcase classname="Excel.Readdata" name="m1" time="0.780"/>
  <system-out/>
</testsuite> <!-- Excel.Readdata -->
