<?xml version="1.0" encoding="UTF-8"?>
<!-- Generated by org.testng.reporters.JUnitReportReporter -->
<testsuite hostname="Akhil" failures="0" tests="4" name="TestNG.Data_Provider" time="0.009" errors="0" timestamp="2024-12-11T19:38:17 IST" skipped="0">
  <testcase classname="TestNG.Data_Provider" name="m1" time="0.006"/>
  <system-out/>
  <testcase classname="TestNG.Data_Provider" name="m1" time="0.001"/>
  <system-out/>
  <testcase classname="TestNG.Data_Provider" name="m1" time="0.002"/>
  <system-out/>
  <testcase classname="TestNG.Data_Provider" name="m1" time="0.000"/>
  <system-out/>
</testsuite> <!-- TestNG.Data_Provider -->
