<?xml version="1.0" encoding="UTF-8"?>
<!-- Generated by org.testng.reporters.JUnitReportReporter -->
<testsuite hostname="Akhil" failures="0" tests="5" name="TestNG.ParameterizationMethod" time="12.254" errors="0" timestamp="2024-12-11T14:20:15 IST" skipped="0">
  <testcase classname="TestNG.ParameterizationMethod" name="login" time="9.789"/>
  <system-out/>
  <testcase classname="TestNG.ParameterizationMethod" name="sort" time="0.287"/>
  <system-out/>
  <testcase classname="TestNG.ParameterizationMethod" name="Logout" time="0.439"/>
  <system-out/>
  <testcase classname="TestNG.ParameterizationMethod" name="order" time="1.269"/>
  <system-out/>
  <testcase classname="TestNG.ParameterizationMethod" name="addToCart" time="0.470"/>
  <system-out/>
</testsuite> <!-- TestNG.ParameterizationMethod -->
