<?xml version="1.0" encoding="UTF-8"?>
<!-- Generated by org.testng.reporters.JUnitReportReporter -->
<testsuite hostname="Akhil" failures="0" tests="1" name="TestNG.Data_Provider2" time="3.132" errors="0" timestamp="2024-12-11T19:47:13 IST" skipped="0">
  <testcase classname="TestNG.Data_Provider2" name="m1" time="3.132"/>
  <system-out/>
</testsuite> <!-- TestNG.Data_Provider2 -->
