<?xml version="1.0" encoding="UTF-8"?>
<!-- Generated by org.testng.reporters.JUnitReportReporter -->
<testsuite hostname="Akhil" failures="0" tests="1" name="Rahulshettyacademy.Calenderpractice3" time="16.175" errors="0" timestamp="10 Nov 2024 19:20:41 GMT" skipped="0">
  <testcase classname="Rahulshettyacademy.Calenderpractice3" name="m1" time="16.175"/>
</testsuite> <!-- Rahulshettyacademy.Calenderpractice3 -->
