<?xml version="1.0" encoding="UTF-8"?>
<!-- Generated by org.testng.reporters.JUnitReportReporter -->
<testsuite hostname="Akhil" failures="0" tests="1" name="Excel.Excelbase_Usage" time="0.000" errors="0" timestamp="2024-12-12T10:43:55 IST" skipped="1">
  <testcase classname="Excel.Excelbase_Usage" name="m1" time="0.000">
    <skipped/>
  </testcase> <!-- m1 -->
  <system-out/>
</testsuite> <!-- Excel.Excelbase_Usage -->
