<?xml version="1.0" encoding="UTF-8"?>
<!-- Generated by org.testng.reporters.JUnitReportReporter -->
<testsuite hostname="Akhil" failures="0" tests="1" name="Individual.Class1" time="7.432" errors="0" timestamp="2024-12-09T16:22:12 IST" skipped="0">
  <testcase classname="Individual.Class1" name="m1" time="7.432"/>
  <system-out/>
</testsuite> <!-- Individual.Class1 -->
