<?xml version="1.0" encoding="UTF-8"?>
<!-- Generated by org.testng.reporters.JUnitReportReporter -->
<testsuite hostname="Akhil" failures="0" tests="5" name="TestNG.Saucedemo" time="9.161" errors="0" timestamp="2024-12-12T10:52:34 IST" skipped="0">
  <testcase classname="TestNG.Saucedemo" name="order" time="0.767"/>
  <system-out/>
  <testcase classname="TestNG.Saucedemo" name="sort" time="0.183"/>
  <system-out/>
  <testcase classname="TestNG.Saucedemo" name="addToCart" time="0.192"/>
  <system-out/>
  <testcase classname="TestNG.Saucedemo" name="Logout" time="0.315"/>
  <system-out/>
  <testcase classname="TestNG.Saucedemo" name="login" time="7.704"/>
  <system-out/>
</testsuite> <!-- TestNG.Saucedemo -->
