<?xml version="1.0" encoding="UTF-8"?>
<!-- Generated by org.testng.reporters.JUnitReportReporter -->
<testsuite hostname="Akhil" failures="0" tests="1" name="TestNG.Group1" time="5.250" errors="0" timestamp="2024-12-11T13:44:07 IST" skipped="0">
  <testcase classname="TestNG.Group1" name="login" time="5.250"/>
  <system-out/>
</testsuite> <!-- TestNG.Group1 -->
