<?xml version="1.0" encoding="UTF-8"?>
<!-- Generated by org.testng.reporters.JUnitReportReporter -->
<testsuite hostname="Akhil" failures="0" tests="1" name="TestNG.Saucedemo1" time="12.635" errors="0" timestamp="2024-12-11T13:22:28 IST" skipped="0">
  <testcase classname="TestNG.Saucedemo1" name="login" time="12.635"/>
  <system-out/>
</testsuite> <!-- TestNG.Saucedemo1 -->
