<?xml version="1.0" encoding="UTF-8"?>
<!-- Generated by org.testng.reporters.JUnitReportReporter -->
<testsuite hostname="Akhil" failures="0" tests="1" name="TestNG.Data_Provider3" time="15.361" errors="0" timestamp="2024-12-11T21:02:40 IST" skipped="0">
  <testcase classname="TestNG.Data_Provider3" name="m1" time="15.361"/>
  <system-out/>
</testsuite> <!-- TestNG.Data_Provider3 -->
