<?xml version="1.0" encoding="UTF-8"?>
<!-- Generated by org.testng.reporters.JUnitReportReporter -->
<testsuite hostname="Akhil" failures="0" tests="3" name="TestNG.Multi1" time="7.418" errors="0" timestamp="2024-12-11T13:48:17 IST" skipped="0">
  <testcase classname="TestNG.Multi1" name="addToCart" time="2.196"/>
  <system-out/>
  <testcase classname="TestNG.Multi1" name="login" time="5.097"/>
  <system-out/>
  <testcase classname="TestNG.Multi1" name="sort" time="0.125"/>
  <system-out/>
</testsuite> <!-- TestNG.Multi1 -->
